,number,value,datetime_start,datetime_complete,duration,params_activation_0,params_activation_1,params_activation_2,params_activation_3,params_activation_4,params_channels_0,params_channels_1,params_channels_2,params_channels_3,params_dilation_0,params_dilation_1,params_dilation_2,params_dilation_3,params_dilation_4,params_kernel_size_0,params_kernel_size_1,params_kernel_size_2,params_kernel_size_3,params_kernel_size_4,params_num_layers,params_poolsize_2,params_poolsize_3,params_poolsize_4,params_poolsize_5,state
104,104,6.5441241160035135,2024-05-08 09:18:42.633271,2024-05-08 09:19:36.792817,0 days 00:00:54.159546,nn.SELU,nn.Softplus,nn.SELU,,,1,10.0,,,1,2,3.0,,,2,24,7.0,,,3,,"[5, 8, 2]",,,COMPLETE
105,105,4.560316340439021,2024-05-08 09:19:36.812296,2024-05-08 09:20:22.675042,0 days 00:00:45.862746,nn.SELU,nn.Softplus,nn.SELU,,,3,12.0,,,1,2,3.0,,,4,9,8.0,,,3,,"[4, 10, 2]",,,COMPLETE
106,106,1.11038757317001,2024-05-08 09:20:22.694900,2024-05-08 09:21:34.982745,0 days 00:01:12.287845,nn.SELU,nn.Softplus,nn.SELU,,,12,7.0,,,1,2,3.0,,,17,6,5.0,,,3,,"[5, 2, 8]",,,COMPLETE
107,107,2.3566881415899843,2024-05-08 09:21:35.003349,2024-05-08 09:22:36.850542,0 days 00:01:01.847193,nn.Tanh,nn.SiLU,nn.Softplus,,,8,8.0,,,1,2,3.0,,,14,10,9.0,,,3,,"[8, 5, 2]",,,COMPLETE
108,108,3.1968263059388846,2024-05-08 09:22:36.871308,2024-05-08 09:24:45.078865,0 days 00:02:08.207557,nn.SELU,nn.Softplus,nn.Tanh,nn.Softplus,,2,11.0,5.0,,2,2,3.0,1.0,,6,22,4.0,17.0,,4,,,"[2, 5, 4, 2]",,COMPLETE
109,109,2.793120867339894,2024-05-08 09:24:45.098624,2024-05-08 09:25:51.528428,0 days 00:01:06.429804,nn.Tanh,nn.SiLU,nn.SELU,nn.SELU,nn.SiLU,3,10.0,6.0,10.0,1,1,2.0,2.0,2.0,3,8,10.0,22.0,17.0,5,,,,"[2, 2, 2, 5, 2]",COMPLETE
110,110,3.2700632989406584,2024-05-08 09:25:51.551756,2024-05-08 09:27:13.213374,0 days 00:01:21.661618,nn.Softplus,nn.Softplus,nn.Tanh,,,4,9.0,,,1,2,3.0,,,8,23,8.0,,,3,,"[4, 4, 5]",,,COMPLETE
111,111,2.480255357734859,2024-05-08 09:27:13.233878,2024-05-08 09:30:48.152043,0 days 00:03:34.918165,nn.Tanh,nn.Softplus,nn.Softplus,nn.SiLU,,6,11.0,8.0,,3,2,3.0,2.0,,16,16,7.0,13.0,,4,,,"[2, 4, 5, 2]",,COMPLETE
112,112,3.9833410324528815,2024-05-08 09:30:48.172856,2024-05-08 09:31:37.296540,0 days 00:00:49.123684,nn.SELU,nn.Tanh,,,,9,,,,2,2,,,,3,13,,,,2,"[5, 16]",,,,COMPLETE
113,113,0.37275083622371313,2024-05-08 09:31:37.316487,2024-05-08 09:35:17.044531,0 days 00:03:39.728044,nn.SELU,nn.SiLU,nn.Softplus,,,12,10.0,,,1,2,3.0,,,11,20,5.0,,,3,,"[2, 20, 2]",,,COMPLETE
114,114,0.4104396552895196,2024-05-08 09:35:17.064999,2024-05-08 09:38:53.278703,0 days 00:03:36.213704,nn.SELU,nn.SiLU,nn.Softplus,,,12,10.0,,,1,2,3.0,,,11,20,2.0,,,3,,"[2, 20, 2]",,,COMPLETE
115,115,,2024-05-08 09:38:53.298166,,,nn.SELU,nn.SiLU,nn.Softplus,,,12,9.0,,,1,2,3.0,,,12,21,11.0,,,3,,"[2, 2, 20]",,,RUNNING
